2026-04-14 20:45:10,998 - root - INFO - 
======================================================================
2026-04-14 20:45:10,999 - root - INFO - PHASE 0 ONLY | Scenario: default
2026-04-14 20:45:10,999 - root - INFO - ======================================================================

2026-04-14 20:45:10,999 - root - INFO - 
======================================================================
2026-04-14 20:45:10,999 - root - INFO - PHASE 0: DATA INTEGRATION
2026-04-14 20:45:11,000 - root - INFO - ======================================================================
2026-04-14 20:45:11,000 - data_integration - INFO - ==================================================
2026-04-14 20:45:11,001 - data_integration - INFO - PHASE 0: DATA INTEGRATION
2026-04-14 20:45:11,001 - data_integration - INFO - ==================================================
2026-04-14 20:45:11,002 - data_integration - INFO - Step 1: Loading CSV files from ..\nam...
2026-04-14 20:45:11,003 - data_integration - INFO - Loaded 9 feature mappings from E:\WorldBank-Data-Analysis-Project\pipeline_execution\feature_encoding_rules.json
2026-04-14 20:45:11,018 - data_integration - INFO - Loaded: Access to electricity (% of population) -> Elec_Access - Shape: (266, 21)
2026-04-14 20:45:11,026 - data_integration - INFO - Loaded: Agriculture, forestry, and fishing, value added (% of GDP) -> Agri_GDP - Shape: (266, 21)
2026-04-14 20:45:11,031 - data_integration - INFO - Loaded: Domestic credit to private sector (% of GDP) -> Credit_Private - Shape: (266, 21)
2026-04-14 20:45:11,035 - data_integration - INFO - Loaded: Employment in services (% of total employment) (modeled ILO estimate) -> Emp_Services - Shape: (266, 21)
2026-04-14 20:45:11,039 - data_integration - INFO - Loaded: Foreign direct investment, net inflows (% of GDP) -> FDI_GDP - Shape: (266, 21)
2026-04-14 20:45:11,042 - data_integration - INFO - Loaded: GDP per capita (constant 2015 US$) -> GDPC_2015 - Shape: (266, 21)
2026-04-14 20:45:11,046 - data_integration - INFO - Loaded: Individuals using the Internet (% of population) -> Internet_Usage - Shape: (266, 21)
2026-04-14 20:45:11,050 - data_integration - INFO - Loaded: Industry (including construction), value added (% of GDP) -> Indus_GDP - Shape: (266, 21)
2026-04-14 20:45:11,055 - data_integration - INFO - Loaded: Services, value added (% of GDP) -> Serv_GDP - Shape: (266, 21)
2026-04-14 20:45:11,056 - data_integration - INFO - Loaded 9 indicators
2026-04-14 20:45:11,057 - data_integration - INFO - Step 2: Standardizing structure...
2026-04-14 20:45:11,096 - data_integration - INFO - Step 3: Merging datasets...
2026-04-14 20:45:11,308 - data_integration - INFO - Merged dataset shape: (5586, 11)
2026-04-14 20:45:11,309 - data_integration - INFO - Missing values ratio: 8.76%
2026-04-14 20:45:11,311 - data_integration - INFO - Integration complete!
2026-04-14 20:45:11,316 - data_integration - INFO - Data info: {'shape': (5586, 11), 'columns': ['Country', 'Year', 'Agri_GDP', 'Credit_Private', 'Elec_Access', 'Emp_Services', 'FDI_GDP', 'GDPC_2015', 'Indus_GDP', 'Internet_Usage', 'Serv_GDP'], 'years_range': (np.int64(2004), np.int64(2024)), 'countries_count': 266, 'records_count': 5586, 'missing_percentage': np.float64(8.758910262669662), 'numeric_columns': ['Year', 'Agri_GDP', 'Credit_Private', 'Elec_Access', 'Emp_Services', 'FDI_GDP', 'GDPC_2015', 'Indus_GDP', 'Internet_Usage', 'Serv_GDP']}
2026-04-14 20:45:11,396 - root - INFO - ✓ PHASE 0 Complete: outputs\runs\run_20260414_204510_default_phase0\dataset_merged.csv
2026-04-14 20:45:11,397 - root - INFO -   Shape: (5586, 11)
2026-04-14 20:45:11,397 - root - INFO -   File size: 0.69 MB
2026-04-14 20:45:11,397 - root - INFO - 
======================================================================
2026-04-14 20:45:11,398 - root - INFO - PHASE 1: AUTO PROFILING & DIAGNOSTICS
2026-04-14 20:45:11,398 - root - INFO - ======================================================================
2026-04-14 20:45:11,406 - diagnostics - INFO - ==================================================
2026-04-14 20:45:11,407 - diagnostics - INFO - PHASE 1: AUTO PROFILING & DIAGNOSTICS
2026-04-14 20:45:11,407 - diagnostics - INFO - ==================================================
2026-04-14 20:45:11,408 - diagnostics - INFO - Step 1: Analyzing missing values...
2026-04-14 20:45:11,411 - diagnostics - INFO - Step 2: Analyzing distributions...
2026-04-14 20:45:11,431 - diagnostics - INFO - Step 3: Detecting outliers (iqr)...
2026-04-14 20:45:11,459 - diagnostics - INFO - Diagnostics complete!
2026-04-14 20:45:11,460 - diagnostics - INFO - Found 1538 outlier records
2026-04-14 20:45:11,470 - diagnostics - INFO - Full diagnostic report saved to outputs\runs\run_20260414_204510_default_phase0\diagnostic_report.csv
2026-04-14 20:45:11,471 - root - INFO - Creating visualizations...
2026-04-14 20:45:12,083 - diagnostics - INFO - Saved: missing_values_by_year.png
2026-04-14 20:45:13,928 - diagnostics - INFO - Saved: missing_values_by_feature_by_year.png
2026-04-14 20:45:15,186 - diagnostics - INFO - Saved: boxplots.png
2026-04-14 20:45:16,670 - diagnostics - INFO - Saved: histograms.png
2026-04-14 20:45:16,681 - root - INFO - Creating draft configuration...
2026-04-14 20:45:16,681 - root - INFO -   Outlier percentage: 27.53%
2026-04-14 20:45:16,681 - root - INFO -   → Recommending higher IQR multiplier (1.8)
2026-04-14 20:45:16,682 - root - INFO -   → Found 2 highly skewed columns
2026-04-14 20:45:16,682 - root - INFO -   → Recommending LOG TRANSFORM
2026-04-14 20:45:16,682 - root - INFO - ✓ PHASE 1 Complete
2026-04-14 20:45:16,683 - root - INFO -   Reports: diagnostic_report.csv (CSV only - optimized)
2026-04-14 20:45:16,683 - root - INFO -   Visualizations: boxplots.png, histograms.png
2026-04-14 20:45:16,686 - run_manager - INFO - ✓ Saved config: outputs\runs\run_20260414_204510_default_phase0\draft_config.yaml
2026-04-14 20:45:16,689 - run_manager - INFO - ✓ Saved config: outputs\runs\run_20260414_204510_default_phase0\config.yaml
2026-04-14 20:45:16,694 - run_manager - INFO - ✓ Saved run summary: outputs\runs\run_20260414_204510_default_phase0\run_summary.json
2026-04-14 20:45:17,071 - run_manager - INFO - ✓ Updated latest directory: outputs\latest
2026-04-14 20:45:17,071 - root - INFO - 
✓ Standalone phase0 completed successfully
2026-04-14 20:45:17,072 - root - INFO -   Run directory: outputs\runs\run_20260414_204510_default_phase0
2026-04-14 20:45:17,072 - root - INFO -   Generated YAML: draft_config.yaml (and config.yaml copy)
