2026-04-14 15:11:55,853 - root - INFO - 
======================================================================
2026-04-14 15:11:55,854 - root - INFO - PHASE 0 ONLY | Scenario: default
2026-04-14 15:11:55,855 - root - INFO - ======================================================================

2026-04-14 15:11:55,855 - root - INFO - 
======================================================================
2026-04-14 15:11:55,856 - root - INFO - PHASE 0: DATA INTEGRATION
2026-04-14 15:11:55,857 - root - INFO - ======================================================================
2026-04-14 15:11:55,859 - data_integration - INFO - ==================================================
2026-04-14 15:11:55,870 - data_integration - INFO - PHASE 0: DATA INTEGRATION
2026-04-14 15:11:55,873 - data_integration - INFO - ==================================================
2026-04-14 15:11:55,875 - data_integration - INFO - Step 1: Loading CSV files...
2026-04-14 15:11:55,990 - data_integration - INFO - Loaded: Access to electricity (% of population) - Shape: (266, 21)
2026-04-14 15:11:56,046 - data_integration - INFO - Loaded: Agriculture, forestry, and fishing, value added (% of GDP) - Shape: (266, 21)
2026-04-14 15:11:56,092 - data_integration - INFO - Loaded: Domestic credit to private sector (% of GDP) - Shape: (266, 21)
2026-04-14 15:11:56,140 - data_integration - INFO - Loaded: Employment in services (% of total employment) (modeled ILO estimate) - Shape: (266, 21)
2026-04-14 15:11:56,174 - data_integration - INFO - Loaded: Foreign direct investment, net inflows (% of GDP) - Shape: (266, 21)
2026-04-14 15:11:56,212 - data_integration - INFO - Loaded: GDP per capita (constant 2015 US$) - Shape: (266, 21)
2026-04-14 15:11:56,247 - data_integration - INFO - Loaded: Individuals using the Internet (% of population) - Shape: (266, 21)
2026-04-14 15:11:56,285 - data_integration - INFO - Loaded: Industry (including construction), value added (% of GDP) - Shape: (266, 21)
2026-04-14 15:11:56,316 - data_integration - INFO - Loaded: Services, value added (% of GDP) - Shape: (266, 21)
2026-04-14 15:11:56,317 - data_integration - INFO - Loaded 9 indicators
2026-04-14 15:11:56,318 - data_integration - INFO - Step 2: Standardizing structure...
2026-04-14 15:11:56,386 - data_integration - INFO - Step 3: Merging datasets...
2026-04-14 15:11:56,664 - data_integration - INFO - Merged dataset shape: (5546, 11)
2026-04-14 15:11:56,666 - data_integration - INFO - Missing values ratio: 8.23%
2026-04-14 15:11:56,667 - data_integration - INFO - Integration complete!
2026-04-14 15:11:56,672 - data_integration - INFO - Data info: {'shape': (5546, 11), 'columns': ['Country', 'Year', 'Access to electricity (% of population)', 'Agriculture, forestry, and fishing, value added (% of GDP)', 'Domestic credit to private sector (% of GDP)', 'Employment in services (% of total employment) (modeled ILO estimate)', 'Foreign direct investment, net inflows (% of GDP)', 'GDP per capita (constant 2015 US$)', 'Individuals using the Internet (% of population)', 'Industry (including construction), value added (% of GDP)', 'Services, value added (% of GDP)'], 'years_range': (np.int64(2004), np.int64(2024)), 'countries_count': 265, 'records_count': 5546, 'missing_percentage': np.float64(8.231977182572207), 'numeric_columns': ['Year', 'Access to electricity (% of population)', 'Agriculture, forestry, and fishing, value added (% of GDP)', 'Domestic credit to private sector (% of GDP)', 'Employment in services (% of total employment) (modeled ILO estimate)', 'Foreign direct investment, net inflows (% of GDP)', 'GDP per capita (constant 2015 US$)', 'Individuals using the Internet (% of population)', 'Industry (including construction), value added (% of GDP)', 'Services, value added (% of GDP)']}
2026-04-14 15:11:56,811 - root - INFO - ✓ PHASE 0 Complete: outputs\runs\run_20260414_151155_default_phase0\dataset_merged.csv
2026-04-14 15:11:56,812 - root - INFO -   Shape: (5546, 11)
2026-04-14 15:11:56,812 - root - INFO -   File size: 0.69 MB
2026-04-14 15:11:56,813 - root - INFO - 
======================================================================
2026-04-14 15:11:56,814 - root - INFO - PHASE 1: AUTO PROFILING & DIAGNOSTICS
2026-04-14 15:11:56,814 - root - INFO - ======================================================================
2026-04-14 15:11:56,817 - diagnostics - INFO - ==================================================
2026-04-14 15:11:56,819 - diagnostics - INFO - PHASE 1: AUTO PROFILING & DIAGNOSTICS
2026-04-14 15:11:56,820 - diagnostics - INFO - ==================================================
2026-04-14 15:11:56,821 - diagnostics - INFO - Step 1: Analyzing missing values...
2026-04-14 15:11:56,827 - diagnostics - INFO - Step 2: Analyzing distributions...
2026-04-14 15:11:56,886 - diagnostics - INFO - Step 3: Detecting outliers (iqr)...
2026-04-14 15:11:56,937 - diagnostics - INFO - Diagnostics complete!
2026-04-14 15:11:56,938 - diagnostics - INFO - Found 1538 outlier records
2026-04-14 15:11:56,947 - diagnostics - INFO - Full diagnostic report saved to outputs\runs\run_20260414_151155_default_phase0\diagnostic_report.csv
2026-04-14 15:11:56,949 - root - INFO - Creating visualizations...
2026-04-14 15:11:58,690 - diagnostics - INFO - Saved: missing_values_by_year.png
2026-04-14 15:11:59,388 - diagnostics - INFO - Saved: boxplots.png
2026-04-14 15:12:00,760 - diagnostics - INFO - Saved: histograms.png
2026-04-14 15:12:00,876 - root - INFO - Creating draft configuration...
2026-04-14 15:12:00,876 - root - INFO -   Outlier percentage: 27.73%
2026-04-14 15:12:00,877 - root - INFO -   → Recommending higher IQR multiplier (1.8)
2026-04-14 15:12:00,877 - root - INFO -   → Found 2 highly skewed columns
2026-04-14 15:12:00,877 - root - INFO -   → Recommending LOG TRANSFORM
2026-04-14 15:12:00,878 - root - INFO - ✓ PHASE 1 Complete
2026-04-14 15:12:00,879 - root - INFO -   Reports: diagnostic_report.csv (CSV only - optimized)
2026-04-14 15:12:00,879 - root - INFO -   Visualizations: boxplots.png, histograms.png
2026-04-14 15:12:00,888 - run_manager - INFO - ✓ Saved config: outputs\runs\run_20260414_151155_default_phase0\draft_config.yaml
2026-04-14 15:12:00,892 - run_manager - INFO - ✓ Saved config: outputs\runs\run_20260414_151155_default_phase0\config.yaml
2026-04-14 15:12:00,899 - run_manager - INFO - ✓ Saved run summary: outputs\runs\run_20260414_151155_default_phase0\run_summary.json
2026-04-14 15:12:00,941 - run_manager - INFO - ✓ Updated latest directory: outputs\latest
2026-04-14 15:12:00,942 - root - INFO - 
✓ Standalone phase0 completed successfully
2026-04-14 15:12:00,944 - root - INFO -   Run directory: outputs\runs\run_20260414_151155_default_phase0
2026-04-14 15:12:00,944 - root - INFO -   Generated YAML: draft_config.yaml (and config.yaml copy)
