2026-04-14 15:15:23,440 - root - INFO - 
======================================================================
2026-04-14 15:15:23,440 - root - INFO - PHASE 0 ONLY | Scenario: default
2026-04-14 15:15:23,442 - root - INFO - ======================================================================

2026-04-14 15:15:23,443 - root - INFO - 
======================================================================
2026-04-14 15:15:23,444 - root - INFO - PHASE 0: DATA INTEGRATION
2026-04-14 15:15:23,445 - root - INFO - ======================================================================
2026-04-14 15:15:23,450 - data_integration - INFO - ==================================================
2026-04-14 15:15:23,452 - data_integration - INFO - PHASE 0: DATA INTEGRATION
2026-04-14 15:15:23,452 - data_integration - INFO - ==================================================
2026-04-14 15:15:23,453 - data_integration - INFO - Step 1: Loading CSV files...
2026-04-14 15:15:23,464 - data_integration - INFO - Loaded: Access to electricity (% of population) - Shape: (266, 21)
2026-04-14 15:15:23,471 - data_integration - INFO - Loaded: Agriculture, forestry, and fishing, value added (% of GDP) - Shape: (266, 21)
2026-04-14 15:15:23,475 - data_integration - INFO - Loaded: Domestic credit to private sector (% of GDP) - Shape: (266, 21)
2026-04-14 15:15:23,482 - data_integration - INFO - Loaded: Employment in services (% of total employment) (modeled ILO estimate) - Shape: (266, 21)
2026-04-14 15:15:23,485 - data_integration - INFO - Loaded: Foreign direct investment, net inflows (% of GDP) - Shape: (266, 21)
2026-04-14 15:15:23,489 - data_integration - INFO - Loaded: GDP per capita (constant 2015 US$) - Shape: (266, 21)
2026-04-14 15:15:23,493 - data_integration - INFO - Loaded: Individuals using the Internet (% of population) - Shape: (266, 21)
2026-04-14 15:15:23,496 - data_integration - INFO - Loaded: Industry (including construction), value added (% of GDP) - Shape: (266, 21)
2026-04-14 15:15:23,509 - data_integration - INFO - Loaded: Services, value added (% of GDP) - Shape: (266, 21)
2026-04-14 15:15:23,513 - data_integration - INFO - Loaded 9 indicators
2026-04-14 15:15:23,514 - data_integration - INFO - Step 2: Standardizing structure...
2026-04-14 15:15:23,533 - data_integration - INFO - Step 3: Merging datasets...
2026-04-14 15:15:23,599 - data_integration - INFO - Merged dataset shape: (5546, 11)
2026-04-14 15:15:23,601 - data_integration - INFO - Missing values ratio: 8.23%
2026-04-14 15:15:23,605 - data_integration - INFO - Integration complete!
2026-04-14 15:15:23,607 - data_integration - INFO - Data info: {'shape': (5546, 11), 'columns': ['Country', 'Year', 'Access to electricity (% of population)', 'Agriculture, forestry, and fishing, value added (% of GDP)', 'Domestic credit to private sector (% of GDP)', 'Employment in services (% of total employment) (modeled ILO estimate)', 'Foreign direct investment, net inflows (% of GDP)', 'GDP per capita (constant 2015 US$)', 'Individuals using the Internet (% of population)', 'Industry (including construction), value added (% of GDP)', 'Services, value added (% of GDP)'], 'years_range': (np.int64(2004), np.int64(2024)), 'countries_count': 265, 'records_count': 5546, 'missing_percentage': np.float64(8.231977182572207), 'numeric_columns': ['Year', 'Access to electricity (% of population)', 'Agriculture, forestry, and fishing, value added (% of GDP)', 'Domestic credit to private sector (% of GDP)', 'Employment in services (% of total employment) (modeled ILO estimate)', 'Foreign direct investment, net inflows (% of GDP)', 'GDP per capita (constant 2015 US$)', 'Individuals using the Internet (% of population)', 'Industry (including construction), value added (% of GDP)', 'Services, value added (% of GDP)']}
2026-04-14 15:15:23,640 - root - INFO - ✓ PHASE 0 Complete: outputs\runs\run_20260414_151523_default_phase0\dataset_merged.csv
2026-04-14 15:15:23,641 - root - INFO -   Shape: (5546, 11)
2026-04-14 15:15:23,642 - root - INFO -   File size: 0.69 MB
2026-04-14 15:15:23,642 - root - INFO - 
======================================================================
2026-04-14 15:15:23,642 - root - INFO - PHASE 1: AUTO PROFILING & DIAGNOSTICS
2026-04-14 15:15:23,643 - root - INFO - ======================================================================
2026-04-14 15:15:23,644 - diagnostics - INFO - ==================================================
2026-04-14 15:15:23,644 - diagnostics - INFO - PHASE 1: AUTO PROFILING & DIAGNOSTICS
2026-04-14 15:15:23,644 - diagnostics - INFO - ==================================================
2026-04-14 15:15:23,645 - diagnostics - INFO - Step 1: Analyzing missing values...
2026-04-14 15:15:23,647 - diagnostics - INFO - Step 2: Analyzing distributions...
2026-04-14 15:15:23,660 - diagnostics - INFO - Step 3: Detecting outliers (iqr)...
2026-04-14 15:15:23,669 - diagnostics - INFO - Diagnostics complete!
2026-04-14 15:15:23,669 - diagnostics - INFO - Found 1538 outlier records
2026-04-14 15:15:23,671 - diagnostics - INFO - Full diagnostic report saved to outputs\runs\run_20260414_151523_default_phase0\diagnostic_report.csv
2026-04-14 15:15:23,678 - root - INFO - Creating visualizations...
2026-04-14 15:15:24,477 - diagnostics - INFO - Saved: missing_values_by_year.png
2026-04-14 15:15:30,334 - diagnostics - INFO - Saved: missing_values_by_feature_by_year.png
2026-04-14 15:15:33,611 - diagnostics - INFO - Saved: boxplots.png
2026-04-14 15:15:38,264 - diagnostics - INFO - Saved: histograms.png
2026-04-14 15:15:38,278 - root - INFO - Creating draft configuration...
2026-04-14 15:15:38,279 - root - INFO -   Outlier percentage: 27.73%
2026-04-14 15:15:38,279 - root - INFO -   → Recommending higher IQR multiplier (1.8)
2026-04-14 15:15:38,280 - root - INFO -   → Found 2 highly skewed columns
2026-04-14 15:15:38,280 - root - INFO -   → Recommending LOG TRANSFORM
2026-04-14 15:15:38,281 - root - INFO - ✓ PHASE 1 Complete
2026-04-14 15:15:38,282 - root - INFO -   Reports: diagnostic_report.csv (CSV only - optimized)
2026-04-14 15:15:38,283 - root - INFO -   Visualizations: boxplots.png, histograms.png
2026-04-14 15:15:38,289 - run_manager - INFO - ✓ Saved config: outputs\runs\run_20260414_151523_default_phase0\draft_config.yaml
2026-04-14 15:15:38,295 - run_manager - INFO - ✓ Saved config: outputs\runs\run_20260414_151523_default_phase0\config.yaml
2026-04-14 15:15:38,302 - run_manager - INFO - ✓ Saved run summary: outputs\runs\run_20260414_151523_default_phase0\run_summary.json
