2026-04-14 14:19:35,564 - data_integration - INFO - ==================================================
2026-04-14 14:19:35,565 - data_integration - INFO - PHASE 0: DATA INTEGRATION
2026-04-14 14:19:35,566 - data_integration - INFO - ==================================================
2026-04-14 14:19:35,566 - data_integration - INFO - Step 1: Loading CSV files...
2026-04-14 14:19:35,587 - data_integration - INFO - Loaded: Access to electricity (% of population) - Shape: (266, 21)
2026-04-14 14:19:35,591 - data_integration - INFO - Loaded: Agriculture, forestry, and fishing, value added (% of GDP) - Shape: (266, 21)
2026-04-14 14:19:35,595 - data_integration - INFO - Loaded: Domestic credit to private sector (% of GDP) - Shape: (266, 21)
2026-04-14 14:19:35,600 - data_integration - INFO - Loaded: Employment in services (% of total employment) (modeled ILO estimate) - Shape: (266, 21)
2026-04-14 14:19:35,604 - data_integration - INFO - Loaded: Foreign direct investment, net inflows (% of GDP) - Shape: (266, 21)
2026-04-14 14:19:35,609 - data_integration - INFO - Loaded: GDP per capita (constant 2015 US$) - Shape: (266, 21)
2026-04-14 14:19:35,614 - data_integration - INFO - Loaded: Individuals using the Internet (% of population) - Shape: (266, 21)
2026-04-14 14:19:35,617 - data_integration - INFO - Loaded: Industry (including construction), value added (% of GDP) - Shape: (266, 21)
2026-04-14 14:19:35,622 - data_integration - INFO - Loaded: Services, value added (% of GDP) - Shape: (266, 21)
2026-04-14 14:19:35,623 - data_integration - INFO - Loaded 9 indicators
2026-04-14 14:19:35,623 - data_integration - INFO - Step 2: Standardizing structure...
2026-04-14 14:19:35,645 - data_integration - INFO - Step 3: Merging datasets...
2026-04-14 14:19:35,726 - data_integration - INFO - Merged dataset shape: (5546, 11)
2026-04-14 14:19:35,727 - data_integration - INFO - Missing values ratio: 8.23%
2026-04-14 14:19:35,728 - data_integration - INFO - Integration complete!
2026-04-14 14:19:35,730 - data_integration - INFO - Data info: {'shape': (5546, 11), 'columns': ['Country', 'Year', 'Access to electricity (% of population)', 'Agriculture, forestry, and fishing, value added (% of GDP)', 'Domestic credit to private sector (% of GDP)', 'Employment in services (% of total employment) (modeled ILO estimate)', 'Foreign direct investment, net inflows (% of GDP)', 'GDP per capita (constant 2015 US$)', 'Individuals using the Internet (% of population)', 'Industry (including construction), value added (% of GDP)', 'Services, value added (% of GDP)'], 'years_range': (np.int64(2004), np.int64(2024)), 'countries_count': 265, 'records_count': 5546, 'missing_percentage': np.float64(8.231977182572207), 'numeric_columns': ['Year', 'Access to electricity (% of population)', 'Agriculture, forestry, and fishing, value added (% of GDP)', 'Domestic credit to private sector (% of GDP)', 'Employment in services (% of total employment) (modeled ILO estimate)', 'Foreign direct investment, net inflows (% of GDP)', 'GDP per capita (constant 2015 US$)', 'Individuals using the Internet (% of population)', 'Industry (including construction), value added (% of GDP)', 'Services, value added (% of GDP)']}
